<?xml version="1.0" encoding="UTF-8"?>
<robot generator="Robot 7.4.1 (Python 3.11.5 on win32)" generated="2026-02-02T21:30:41.703373" rpa="false" schemaversion="5">
<suite id="s1" name="TC009-flaskapi" source="C:\Users\Akhila\Desktop\wiprogitcode\Wipro2026\Robotfile\DAY-14\TC009-flaskapi.robot">
<kw name="Create API Session" type="SETUP">
<kw name="Create Session">
<msg time="2026-02-02T21:30:41.815513" level="FAIL">No keyword with name 'Create Session' found. Did you mean:
    Create API Session</msg>
<arg>api</arg>
<arg>${BASE_URL}</arg>
<status status="FAIL" start="2026-02-02T21:30:41.815513" elapsed="0.000000">No keyword with name 'Create Session' found. Did you mean:
    Create API Session</status>
</kw>
<status status="FAIL" start="2026-02-02T21:30:41.812506" elapsed="0.003999">No keyword with name 'Create Session' found. Did you mean:
    Create API Session</status>
</kw>
<test id="s1-t1" name="Get Home Page" line="16">
<status status="FAIL" start="2026-02-02T21:30:41.816505" elapsed="0.000000">Parent suite setup failed:
No keyword with name 'Create Session' found. Did you mean:
    Create API Session</status>
</test>
<test id="s1-t2" name="Get All Users" line="20">
<status status="FAIL" start="2026-02-02T21:30:41.817500" elapsed="0.000998">Parent suite setup failed:
No keyword with name 'Create Session' found. Did you mean:
    Create API Session</status>
</test>
<test id="s1-t3" name="Create User" line="26">
<status status="FAIL" start="2026-02-02T21:30:41.819495" elapsed="0.000997">Parent suite setup failed:
No keyword with name 'Create Session' found. Did you mean:
    Create API Session</status>
</test>
<test id="s1-t4" name="Get Created User" line="32">
<status status="FAIL" start="2026-02-02T21:30:41.820492" elapsed="0.000999">Parent suite setup failed:
No keyword with name 'Create Session' found. Did you mean:
    Create API Session</status>
</test>
<test id="s1-t5" name="Update User Using PUT" line="37">
<status status="FAIL" start="2026-02-02T21:30:41.821491" elapsed="0.001399">Parent suite setup failed:
No keyword with name 'Create Session' found. Did you mean:
    Create API Session</status>
</test>
<test id="s1-t6" name="Partial Update Using PATCH" line="43">
<status status="FAIL" start="2026-02-02T21:30:41.823882" elapsed="0.000000">Parent suite setup failed:
No keyword with name 'Create Session' found. Did you mean:
    Create API Session</status>
</test>
<test id="s1-t7" name="Delete User" line="49">
<status status="FAIL" start="2026-02-02T21:30:41.823882" elapsed="0.000995">Parent suite setup failed:
No keyword with name 'Create Session' found. Did you mean:
    Create API Session</status>
</test>
<test id="s1-t8" name="Get Deleted User (Negative Test)" line="53">
<status status="FAIL" start="2026-02-02T21:30:41.825874" elapsed="0.000000">Parent suite setup failed:
No keyword with name 'Create Session' found. Did you mean:
    Create API Session</status>
</test>
<status status="FAIL" start="2026-02-02T21:30:41.705367" elapsed="0.122507">Suite setup failed:
No keyword with name 'Create Session' found. Did you mean:
    Create API Session</status>
</suite>
<statistics>
<total>
<stat pass="0" fail="8" skip="0">All Tests</stat>
</total>
<tag>
</tag>
<suite>
<stat name="TC009-flaskapi" id="s1" pass="0" fail="8" skip="0">TC009-flaskapi</stat>
</suite>
</statistics>
<errors>
<msg time="2026-02-02T21:30:41.766012" level="ERROR">Error in file 'C:\Users\Akhila\Desktop\wiprogitcode\Wipro2026\Robotfile\DAY-14\TC009-flaskapi.robot' on line 3: Importing library 'RequestsLibrary' failed: ModuleNotFoundError: No module named 'RequestsLibrary'
Traceback (most recent call last):
  None
PYTHONPATH:
  C:\Users\Akhila\AppData\Local\Packages\PythonSoftwareFoundation.Python.3.11_qbz5n2kfra8p0\LocalCache\local-packages\Python311\Scripts\robot.exe
  C:\Program Files\WindowsApps\PythonSoftwareFoundation.Python.3.11_3.11.1520.0_x64__qbz5n2kfra8p0\python311.zip
  C:\Program Files\WindowsApps\PythonSoftwareFoundation.Python.3.11_3.11.1520.0_x64__qbz5n2kfra8p0\DLLs
  C:\Program Files\WindowsApps\PythonSoftwareFoundation.Python.3.11_3.11.1520.0_x64__qbz5n2kfra8p0\Lib
  C:\Program Files\WindowsApps\PythonSoftwareFoundation.Python.3.11_3.11.1520.0_x64__qbz5n2kfra8p0
  C:\Users\Akhila\AppData\Local\Packages\PythonSoftwareFoundation.Python.3.11_qbz5n2kfra8p0\LocalCache\local-packages\Python311\site-packages
  C:\Users\Akhila\AppData\Local\Packages\PythonSoftwareFoundation.Python.3.11_qbz5n2kfra8p0\LocalCache\local-packages\Python311\site-packages\win32
  C:\Users\Akhila\AppData\Local\Packages\PythonSoftwareFoundation.Python.3.11_qbz5n2kfra8p0\LocalCache\local-packages\Python311\site-packages\win32\lib
  C:\Users\Akhila\AppData\Local\Packages\PythonSoftwareFoundation.Python.3.11_qbz5n2kfra8p0\LocalCache\local-packages\Python311\site-packages\Pythonwin
  C:\Program Files\WindowsApps\PythonSoftwareFoundation.Python.3.11_3.11.1520.0_x64__qbz5n2kfra8p0\Lib\site-packages</msg>
</errors>
</robot>
