<?xml version="1.0" encoding="UTF-8"?>
<robot generator="Robot 7.4.1 (Python 3.11.5 on win32)" generated="2026-02-02T19:04:24.385283" rpa="false" schemaversion="5">
<suite id="s1" name="DAY-14-q2" source="C:\Users\Akhila\Desktop\wiprogitcode\Wipro2026\Robotfile\DAY-14\DAY-14-q2.robot">
<test id="s1-t1" name="Verify Successful Login" line="11">
<kw name="Open Browser To Login Page">
<kw name="Open Browser" owner="SeleniumLibrary">
<msg time="2026-02-02T19:04:24.818466" level="INFO">Opening browser 'chrome' to base url 'https://practicetestautomation.com/practice-test-login/'.</msg>
<arg>${URL}</arg>
<arg>${BROWSER}</arg>
<doc>Opens a new browser instance to the optional ``url``.</doc>
<status status="PASS" start="2026-02-02T19:04:24.817466" elapsed="4.778034"/>
</kw>
<kw name="Maximize Browser Window" owner="SeleniumLibrary">
<doc>Maximizes current browser window.</doc>
<status status="PASS" start="2026-02-02T19:04:29.595500" elapsed="0.115174"/>
</kw>
<status status="PASS" start="2026-02-02T19:04:24.816467" elapsed="4.894207"/>
</kw>
<kw name="Input Text" owner="SeleniumLibrary">
<msg time="2026-02-02T19:04:29.712763" level="INFO">Typing text 'student' into text field 'id=username'.</msg>
<arg>id=username</arg>
<arg>${USERNAME}</arg>
<doc>Types the given ``text`` into the text field identified by ``locator``.</doc>
<status status="PASS" start="2026-02-02T19:04:29.711737" elapsed="0.132093"/>
</kw>
<kw name="Input Text" owner="SeleniumLibrary">
<msg time="2026-02-02T19:04:29.844828" level="INFO">Typing text 'Password123' into text field 'id=password'.</msg>
<arg>id=password</arg>
<arg>${PASSWORD}</arg>
<doc>Types the given ``text`` into the text field identified by ``locator``.</doc>
<status status="PASS" start="2026-02-02T19:04:29.844828" elapsed="0.095142"/>
</kw>
<kw name="Click Button" owner="SeleniumLibrary">
<msg time="2026-02-02T19:04:29.939970" level="INFO">Clicking button 'id=submit'.</msg>
<arg>id=submit</arg>
<doc>Clicks the button identified by ``locator``.</doc>
<status status="PASS" start="2026-02-02T19:04:29.939970" elapsed="0.882748"/>
</kw>
<kw name="Sleep" owner="BuiltIn">
<msg time="2026-02-02T19:04:35.824044" level="INFO">Slept 5 seconds.</msg>
<arg>5s</arg>
<doc>Pauses the test executed for the given time.</doc>
<status status="PASS" start="2026-02-02T19:04:30.822718" elapsed="5.001326"/>
</kw>
<kw name="Wait Until Page Contains" owner="SeleniumLibrary">
<arg>Logged In Successfully</arg>
<arg>timeout=5s</arg>
<doc>Waits until ``text`` appears on the current page.</doc>
<status status="PASS" start="2026-02-02T19:04:35.824044" elapsed="0.015958"/>
</kw>
<kw name="Element Should Be Visible" owner="SeleniumLibrary">
<msg time="2026-02-02T19:04:35.875907" level="INFO">Element 'link=Log out' is displayed.</msg>
<arg>link=Log out</arg>
<doc>Verifies that the element identified by ``locator`` is visible.</doc>
<status status="PASS" start="2026-02-02T19:04:35.841000" elapsed="0.034907"/>
</kw>
<kw name="Close Browser" owner="SeleniumLibrary" type="TEARDOWN">
<doc>Closes the current browser.</doc>
<status status="PASS" start="2026-02-02T19:04:35.876904" elapsed="3.918956"/>
</kw>
<doc>Test case to login with valid credentials.</doc>
<tag>Login</tag>
<tag>Regression</tag>
<status status="PASS" start="2026-02-02T19:04:24.801504" elapsed="14.994356"/>
</test>
<status status="PASS" start="2026-02-02T19:04:24.386281" elapsed="15.410577"/>
</suite>
<statistics>
<total>
<stat pass="1" fail="0" skip="0">All Tests</stat>
</total>
<tag>
<stat pass="1" fail="0" skip="0">Login</stat>
<stat pass="1" fail="0" skip="0">Regression</stat>
</tag>
<suite>
<stat name="DAY-14-q2" id="s1" pass="1" fail="0" skip="0">DAY-14-q2</stat>
</suite>
</statistics>
<errors>
</errors>
</robot>
