<?xml version="1.0" encoding="UTF-8"?>
<robot generator="Robot 7.4.1 (Python 3.11.5 on win32)" generated="2026-02-09T00:25:42.073129" rpa="false" schemaversion="5">
<suite id="s1" name="Patient" source="C:\Users\Akhila\Desktop\wiprogitcode\Wipro2026\CASE STUDY-4\patient.robot">
<kw name="Open Browser" owner="SeleniumLibrary" type="SETUP">
<msg time="2026-02-09T00:25:45.622262" level="WARN">exexcutable_path is being deprecated. Please use service to configure the driver's executable_path as per documentation.</msg>
<msg time="2026-02-09T00:25:45.623219" level="INFO">Opening browser 'edge' to base url 'http://localhost:5010'.</msg>
<msg time="2026-02-09T00:25:45.623219" level="INFO">Cannot capture screenshot because no browser is open.</msg>
<msg time="2026-02-09T00:25:45.623219" level="FAIL">NoSuchDriverException: Message: Unable to obtain driver for MicrosoftEdge; For documentation on this error, please visit: https://www.selenium.dev/documentation/webdriver/troubleshooting/errors/driver_location
</msg>
<arg>http://localhost:5010</arg>
<arg>edge</arg>
<arg>executable_path=C:\Users\Akhila\Desktop\wiprogitcode\Wipro2026\CASE STUDY-4\msedgedriver.exe</arg>
<doc>Opens a new browser instance to the optional ``url``.</doc>
<status status="FAIL" start="2026-02-09T00:25:45.621225" elapsed="0.097360">NoSuchDriverException: Message: Unable to obtain driver for MicrosoftEdge; For documentation on this error, please visit: https://www.selenium.dev/documentation/webdriver/troubleshooting/errors/driver_location
</status>
</kw>
<test id="s1-t1" name="Register Patient" line="9">
<status status="FAIL" start="2026-02-09T00:25:45.718585" elapsed="0.000993">Parent suite setup failed:
NoSuchDriverException: Message: Unable to obtain driver for MicrosoftEdge; For documentation on this error, please visit: https://www.selenium.dev/documentation/webdriver/troubleshooting/errors/driver_location
</status>
</test>
<test id="s1-t2" name="Register Multiple Patients" line="16">
<status status="FAIL" start="2026-02-09T00:25:45.719578" elapsed="0.000999">Parent suite setup failed:
NoSuchDriverException: Message: Unable to obtain driver for MicrosoftEdge; For documentation on this error, please visit: https://www.selenium.dev/documentation/webdriver/troubleshooting/errors/driver_location
</status>
</test>
<kw name="Close Browser" owner="SeleniumLibrary" type="TEARDOWN">
<doc>Closes the current browser.</doc>
<status status="PASS" start="2026-02-09T00:25:45.721573" elapsed="0.000999"/>
</kw>
<status status="FAIL" start="2026-02-09T00:25:42.079111" elapsed="3.643461">Suite setup failed:
NoSuchDriverException: Message: Unable to obtain driver for MicrosoftEdge; For documentation on this error, please visit: https://www.selenium.dev/documentation/webdriver/troubleshooting/errors/driver_location
</status>
</suite>
<statistics>
<total>
<stat pass="0" fail="2" skip="0">All Tests</stat>
</total>
<tag>
</tag>
<suite>
<stat name="Patient" id="s1" pass="0" fail="2" skip="0">Patient</stat>
</suite>
</statistics>
<errors>
<msg time="2026-02-09T00:25:45.622262" level="WARN">exexcutable_path is being deprecated. Please use service to configure the driver's executable_path as per documentation.</msg>
</errors>
</robot>
